2012-10-27 15:53:35+0200 [-] Log opened.
2012-10-27 15:53:35+0200 [-] twistd 12.0.0 (/usr/bin/python2 2.7.3) starting up.
2012-10-27 15:53:35+0200 [-] reactor class: twisted.internet.pollreactor.PollReactor.
2012-10-27 15:53:35+0200 [-] Site starting on 8888
2012-10-27 15:53:35+0200 [-] Starting factory <twisted.web.server.Site instance at 0x2ab3680>
2012-10-27 15:53:35+0200 [-] Site starting on 8889
2012-10-27 15:53:35+0200 [-] Starting factory <twisted.web.server.Site instance at 0x2ab37a0>
2012-10-27 15:53:35+0200 [-] {'nervind': 1, 'compexind': '0.5', 'readylight': 0, 'perf': 0, 'cocktail': 118, 'reload': 116, 'dep': 49, 'stop': 119, 'up': 0, 'recordlight': 0, 'extProgram': 'scicoslab', 'down': 0, 'start': 36, 'alc': 1, 'analyselight': 0, 'scriptpath': '/home/babe/Projets/eclipse/Pyanocktaild/src/scripts', 'factor': 1, 'old': 0, 'panic': 117, 'tristind': 1}
2012-10-27 15:53:35+0200 [-] Notes charged
2012-10-27 15:53:35+0200 [-] Pumps charged
2012-10-27 15:53:35+0200 [-] Sequencer ready
2012-10-27 15:53:35+0200 [-] ('00', {'capability': 35, 'type': 0, 'name': 'Timer'}, 0, 35)
2012-10-27 15:53:35+0200 [-] ('10', {'capability': 33, 'type': 0, 'name': 'Announce'}, 0, 33)
2012-10-27 15:53:35+0200 [-] [(0, 0), (0, 0)]
2012-10-27 15:53:35+0200 [-] Midi engine started
2012-10-27 15:53:35+0200 [-] source = 128
2012-10-27 15:53:35+0200 [-] dest =0
2012-10-27 15:53:35+0200 [-] <alsaseq.SeqEvent type=SEQ_EVENT_NOTEON(6) flags=0 tag=0 queue=0 time=tick(0.0) from=128:1 to=0:0 at 0x0x7f89a421de50>envoyé
2012-10-27 15:53:35+0200 [-] midi pid for debug: 16587
2012-10-27 15:53:35+0200 [-] 
2012-10-27 15:54:26+0200 [-] Received SIGTERM, shutting down.
2012-10-27 15:54:26+0200 [-] stopping Midiservice !
2012-10-27 15:54:26+0200 [-] command: 9
2012-10-27 15:54:26+0200 [-] midi thread stopped
2012-10-27 15:54:26+0200 [-] sequencer destroyed
2012-10-27 15:54:26+0200 [-] (TCP Port 8889 Closed)
2012-10-27 15:54:26+0200 [-] Stopping factory <twisted.web.server.Site instance at 0x2ab37a0>
2012-10-27 15:54:26+0200 [-] (TCP Port 8888 Closed)
2012-10-27 15:54:26+0200 [-] Stopping factory <twisted.web.server.Site instance at 0x2ab3680>
2012-10-27 15:54:26+0200 [-] Main loop terminated.
2012-10-27 15:54:26+0200 [-] Server Shut Down.
2012-10-27 15:54:36+0200 [-] Log opened.
2012-10-27 15:54:36+0200 [-] twistd 12.0.0 (/usr/bin/python2 2.7.3) starting up.
2012-10-27 15:54:36+0200 [-] reactor class: twisted.internet.pollreactor.PollReactor.
2012-10-27 15:54:36+0200 [-] Site starting on 8888
2012-10-27 15:54:36+0200 [-] Starting factory <twisted.web.server.Site instance at 0x2db4ef0>
2012-10-27 15:54:36+0200 [-] Site starting on 8889
2012-10-27 15:54:36+0200 [-] Starting factory <twisted.web.server.Site instance at 0x2db49e0>
2012-10-27 15:54:36+0200 [-] {'nervind': 1, 'compexind': '0.5', 'readylight': 0, 'perf': 0, 'cocktail': 118, 'reload': 116, 'dep': 49, 'stop': 119, 'up': 0, 'recordlight': 0, 'extProgram': 'scicoslab', 'down': 0, 'start': 36, 'alc': 1, 'analyselight': 0, 'scriptpath': '/home/babe/Projets/eclipse/Pyanocktaild/src/scripts', 'factor': 1, 'old': 0, 'panic': 117, 'tristind': 1}
2012-10-27 15:54:36+0200 [-] Notes charged
2012-10-27 15:54:36+0200 [-] Pumps charged
2012-10-27 15:54:36+0200 [-] Sequencer ready
2012-10-27 15:54:36+0200 [-] ('00', {'capability': 35, 'type': 0, 'name': 'Timer'}, 0, 35)
2012-10-27 15:54:36+0200 [-] ('10', {'capability': 33, 'type': 0, 'name': 'Announce'}, 0, 33)
2012-10-27 15:54:36+0200 [-] [(0, 0), (0, 0)]
2012-10-27 15:54:36+0200 [-] Midi engine started
2012-10-27 15:54:36+0200 [-] source = 128
2012-10-27 15:54:36+0200 [-] dest =0
2012-10-27 15:54:36+0200 [-] <alsaseq.SeqEvent type=SEQ_EVENT_NOTEON(6) flags=0 tag=0 queue=0 time=tick(0.0) from=128:1 to=0:0 at 0x0x7fdc9a759e50>envoyé
2012-10-27 15:54:36+0200 [-] midi pid for debug: 16603
2012-10-27 15:54:36+0200 [-] 
2012-10-27 15:54:47+0200 [-] Received SIGTERM, shutting down.
2012-10-27 15:54:47+0200 [-] stopping Midiservice !
2012-10-27 15:54:47+0200 [-] command: 9
2012-10-27 15:54:47+0200 [-] midi thread stopped
2012-10-27 15:54:47+0200 [-] sequencer destroyed
2012-10-27 15:54:47+0200 [-] (TCP Port 8889 Closed)
2012-10-27 15:54:47+0200 [-] Stopping factory <twisted.web.server.Site instance at 0x2db49e0>
2012-10-27 15:54:47+0200 [-] (TCP Port 8888 Closed)
2012-10-27 15:54:47+0200 [-] Stopping factory <twisted.web.server.Site instance at 0x2db4ef0>
2012-10-27 15:54:47+0200 [-] Main loop terminated.
2012-10-27 15:54:47+0200 [-] Server Shut Down.
